['/app/App/src/Modules',
 '/usr/local/lib/python312.zip',
 '/usr/local/lib/python3.12',
 '/usr/local/lib/python3.12/lib-dynload',
 '/usr/local/lib/python3.12/site-packages']
[
    'adzuna_job_2024-02-14-04-06-17-56.json',
    'adzuna_job_2024-02-14-04-06-17-90.json',
    'adzuna_job_2024-02-14-04-06-17-11.json',
    'adzuna_job_2024-02-14-04-06-17-10.json',
    'adzuna_job_2024-02-14-04-06-17-13.json',
    'adzuna_job_2024-02-14-04-06-17-100.json',
    'adzuna_job_2024-02-14-04-06-17-12.json',
    'adzuna_job_2024-02-14-04-06-17-1.json'
]
False
Step : No redirection - Only adzuna_url generated
True
httpsapp-id=976023178
Step : Redirection - Both urls successfully generated
        Gonna wait for 6.1 seconds...
True
https://www.hellowork.com/fr-fr/emplois/41369317.html?utm_source=adzuna&utm_medi
um=Metamoteurs-cpc&utm_campaign=staffing%2B-%2Binformatique&utm_term=41369317&ut
m_content=fluxadzuna&utm_source=adzuna&utm_medium=adzuna
Step : Redirection - Both urls successfully generated
        Gonna wait for 6.3 seconds...
True
https://www.hellowork.com/fr-fr/emplois/27751114.html?utm_source=adzuna&utm_medi
um=Metamoteurs-cpc&utm_campaign=staffing%2B-%2Binformatique&utm_term=27751114&ut
m_content=fluxadzuna&utm_source=adzuna&utm_medium=adzuna
Step : Redirection - Both urls successfully generated
        Gonna wait for 3.3 seconds...
True
https://www.hellowork.com/fr-fr/emplois/41640093.html?utm_source=adzuna&utm_medi
um=Metamoteurs-cpc&utm_campaign=staffing%2B-%2Binformatique&utm_term=41640093&ut
m_content=fluxadzuna&utm_source=adzuna&utm_medium=adzuna
Step : Redirection - Both urls successfully generated
        Gonna wait for 6.7 seconds...
True
httpsapp-id=976023178
Step : Redirection - Both urls successfully generated
        Gonna wait for 5.0 seconds...
True
httpsapp-id=976023178
Step : Redirection - Both urls successfully generated
        Gonna wait for 3.9 seconds...
True
httpsapp-id=976023178
Step : Redirection - Both urls successfully generated
        Gonna wait for 5.9 seconds...
True
httpsapp-id=976023178
Step : Redirection - Both urls successfully generated
        Gonna wait for 5.5 seconds...
True
httpsapp-id=976023178
Step : Redirection - Both urls successfully generated
        Gonna wait for 6.9 seconds...
False
Step : No redirection - Only adzuna_url generated
False
Step : No redirection - Only adzuna_url generated
False
Step : No redirection - Only adzuna_url generated
False
Step : No redirection - Only adzuna_url generated
False
Step : No redirection - Only adzuna_url generated
True
httpsapp-id=976023178
Step : Redirection - Both urls successfully generated
        Gonna wait for 5.2 seconds...
True
httpsapp-id=976023178
Step : Redirection - Both urls successfully generated
        Gonna wait for 6.7 seconds...
False
Step : No redirection - Only adzuna_url generated
False
Step : No redirection - Only adzuna_url generated
True
https://www.hellowork.com/fr-fr/emplois/38308322.html?utm_source=adzuna&utm_medi
um=Metamoteurs-cpc&utm_campaign=staffing%2B-%2Bcommerce&utm_term=38308322&utm_co
ntent=fluxadzuna&utm_source=adzuna&utm_medium=adzuna
Step : Redirection - Both urls successfully generated
        Gonna wait for 5.5 seconds...
False
Step : No redirection - Only adzuna_url generated
False
Step : No redirection - Only adzuna_url generated
False
Step : No redirection - Only adzuna_url generated
False
Step : No redirection - Only adzuna_url generated
True
httpsapp-id=976023178
Step : Redirection - Both urls successfully generated
        Gonna wait for 5.3 seconds...
True
https://www.hellowork.com/fr-fr/emplois/44371428.html?utm_source=adzuna&utm_medi
um=Metamoteurs-cpc&utm_campaign=classique%2B-%2Bcommerce&utm_term=44371428&utm_c
ontent=fluxadzuna&utm_source=adzuna&utm_medium=adzuna
Step : Redirection - Both urls successfully generated
        Gonna wait for 5.1 seconds...
True
https://www.hellowork.com/fr-fr/emplois/44386654.html?utm_source=adzuna&utm_medi
um=Metamoteurs-cpc&utm_campaign=classique%2B-%2Bcommerce&utm_term=44386654&utm_c
ontent=fluxadzuna&utm_source=adzuna&utm_medium=adzuna
Step : Redirection - Both urls successfully generated
        Gonna wait for 3.6 seconds...
False
Step : No redirection - Only adzuna_url generated
False
Step : No redirection - Only adzuna_url generated
False
Step : No redirection - Only adzuna_url generated
False
Step : No redirection - Only adzuna_url generated
False
Step : No redirection - Only adzuna_url generated
False
Step : No redirection - Only adzuna_url generated
False
Step : No redirection - Only adzuna_url generated
False
Step : No redirection - Only adzuna_url generated
False
Step : No redirection - Only adzuna_url generated
True
https://www.hellowork.com/fr-fr/emplois/45745788.html?utm_source=adzuna&utm_medi
um=Metamoteurs-cpc&utm_campaign=nonclient%2B-%2Binformatique&utm_term=45745788&u
tm_content=fluxadzuna&utm_source=adzuna&utm_medium=adzuna
Step : Redirection - Both urls successfully generated
        Gonna wait for 5.1 seconds...
True
httpsapp-id=976023178
Step : Redirection - Both urls successfully generated
        Gonna wait for 4.3 seconds...
True
https://www.hellowork.com/fr-fr/emplois/32745915.html?utm_source=adzuna&utm_medi
um=Metamoteurs-cpc&utm_campaign=nonclient%2B-%2Binformatique&utm_term=32745915&u
tm_content=fluxadzuna&utm_source=adzuna&utm_medium=adzuna
Step : Redirection - Both urls successfully generated
        Gonna wait for 3.7 seconds...
True
https://www.hellowork.com/fr-fr/emplois/22755232.html?utm_source=adzuna&utm_medi
um=Metamoteurs-cpc&utm_campaign=nonclient%2B-%2Binformatique&utm_term=22755232&u
tm_content=fluxadzuna&utm_source=adzuna&utm_medium=adzuna
Step : Redirection - Both urls successfully generated
        Gonna wait for 6.7 seconds...
False
Step : No redirection - Only adzuna_url generated
True
httpsapp-id=976023178
Step : Redirection - Both urls successfully generated
        Gonna wait for 4.3 seconds...
True
httpsapp-id=976023178
Step : Redirection - Both urls successfully generated
        Gonna wait for 6.3 seconds...
True
httpsapp-id=976023178
Step : Redirection - Both urls successfully generated
        Gonna wait for 4.3 seconds...
True
https://www.hellowork.com/fr-fr/emplois/32067897.html?utm_source=adzuna&utm_medi
um=Metamoteurs-cpc&utm_campaign=nonclient%2B-%2Binformatique&utm_term=32067897&u
tm_content=fluxadzuna&utm_source=adzuna&utm_medium=adzuna
Step : Redirection - Both urls successfully generated
        Gonna wait for 5.1 seconds...
True
httpsapp-id=976023178
Step : Redirection - Both urls successfully generated
        Gonna wait for 5.2 seconds...
True
httpsapp-id=976023178
Step : Redirection - Both urls successfully generated
        Gonna wait for 6.3 seconds...
True
https://www.hellowork.com/fr-fr/emplois/43744281.html?utm_source=adzuna&utm_medi
um=Metamoteurs-cpc&utm_campaign=nonclient%2B-%2Binformatique&utm_term=43744281&u
tm_content=fluxadzuna&utm_source=adzuna&utm_medium=adzuna
Step : Redirection - Both urls successfully generated
        Gonna wait for 4.0 seconds...
True
httpsapp-id=976023178
Step : Redirection - Both urls successfully generated
        Gonna wait for 5.4 seconds...
True
httpsapp-id=976023178
Step : Redirection - Both urls successfully generated
        Gonna wait for 4.9 seconds...
True
httpsapp-id=976023178
Step : Redirection - Both urls successfully generated
        Gonna wait for 6.2 seconds...
True
httpsapp-id=976023178
Step : Redirection - Both urls successfully generated
        Gonna wait for 3.7 seconds...
True
https://www.hellowork.com/fr-fr/emplois/42186474.html?utm_source=adzuna&utm_medi
um=Metamoteurs-cpc&utm_campaign=staffing%2B-%2Binformatique&utm_term=42186474&ut
m_content=fluxadzuna&utm_source=adzuna&utm_medium=adzuna
Step : Redirection - Both urls successfully generated
        Gonna wait for 3.5 seconds...
